<?xml version="1.0" encoding="UTF-8"?>
<TestRun id="0684d7ca-2960-44ad-96cc-cba8c6ae4bf9" name="karen.zamlutti@FREDFREDBURGER 2011-06-21 17:49:13" runUser="APONTADOR\karen.zamlutti" xmlns="http://microsoft.com/schemas/VisualStudio/TeamTest/2010">
  <TestSettings name="Default Test Settings" id="d68ef4d9-d139-413b-ae45-9a651abc103e">
    <Execution>
      <TestTypeSpecific />
      <AgentRule name="Execution Agents">
      </AgentRule>
    </Execution>
    <Deployment runDeploymentRoot="karen.zamlutti_FREDFREDBURGER 2011-06-21 17_49_13" />
  </TestSettings>
  <Times creation="2011-06-21T17:49:13.3720000-03:00" queuing="2011-06-21T17:49:14.1070000-03:00" start="2011-06-21T17:49:14.1950000-03:00" finish="2011-06-21T17:49:14.6950000-03:00" />
  <ResultSummary outcome="Failed">
    <Counters total="1" executed="1" error="0" failed="1" timeout="0" aborted="0" inconclusive="0" passedButRunAborted="0" notRunnable="0" notExecuted="0" disconnected="0" warning="0" passed="0" completed="0" inProgress="0" pending="0" />
  </ResultSummary>
  <TestDefinitions>
    <UnitTest name="TestBla" storage="c:\users\karen.zamlutti\documents\visual studio 2010\projects\potter\unittest\bin\autotest.net\unittest.dll" id="fc92a257-0c49-8ff5-94e8-3e490ebea747">
      <Execution id="8b7ebc93-955a-46ec-a72f-a75de0bf76d6" />
      <TestMethod codeBase="C:/Users/karen.zamlutti/Documents/Visual Studio 2010/Projects/Potter/UnitTest/bin/AutoTest.Net/UnitTest.DLL" adapterTypeName="Microsoft.VisualStudio.TestTools.TestTypes.Unit.UnitTestAdapter, Microsoft.VisualStudio.QualityTools.Tips.UnitTest.Adapter, Version=10.0.0.0, Culture=neutral, PublicKeyToken=b03f5f7f11d50a3a" className="UnitTest.Test, UnitTest, Version=1.0.0.0, Culture=neutral, PublicKeyToken=null" name="TestBla" />
    </UnitTest>
  </TestDefinitions>
  <TestLists>
    <TestList name="Results Not in a List" id="8c84fa94-04c1-424b-9868-57a2d4851a1d" />
    <TestList name="All Loaded Results" id="19431567-8539-422a-85d7-44ee4e166bda" />
  </TestLists>
  <TestEntries>
    <TestEntry testId="fc92a257-0c49-8ff5-94e8-3e490ebea747" executionId="8b7ebc93-955a-46ec-a72f-a75de0bf76d6" testListId="8c84fa94-04c1-424b-9868-57a2d4851a1d" />
  </TestEntries>
  <Results>
    <UnitTestResult executionId="8b7ebc93-955a-46ec-a72f-a75de0bf76d6" testId="fc92a257-0c49-8ff5-94e8-3e490ebea747" testName="TestBla" computerName="FREDFREDBURGER" duration="00:00:00.1039690" startTime="2011-06-21T17:49:14.2360000-03:00" endTime="2011-06-21T17:49:14.6590000-03:00" testType="13cdc9d9-ddb5-4fa4-a97d-d965ccfc6d4b" outcome="Failed" testListId="8c84fa94-04c1-424b-9868-57a2d4851a1d" relativeResultsDirectory="8b7ebc93-955a-46ec-a72f-a75de0bf76d6">
      <Output>
        <ErrorInfo>
          <Message>Assert.IsTrue failed. </Message>
          <StackTrace>   at UnitTest.Test.TestBla() in c:\Users\karen.zamlutti\Documents\Visual Studio 2010\Projects\Potter\UnitTest\Test.cs:line 11
</StackTrace>
        </ErrorInfo>
      </Output>
    </UnitTestResult>
  </Results>
</TestRun>