<?xml version="1.0" encoding="UTF-8"?>
<TestRun id="6fe5b79f-80d8-48bb-b641-0134505bbc2f" name="karen.zamlutti@FREDFREDBURGER 2011-06-21 18:37:07" runUser="APONTADOR\karen.zamlutti" xmlns="http://microsoft.com/schemas/VisualStudio/TeamTest/2010">
  <TestSettings name="Default Test Settings" id="6a676a51-a50c-4196-b88d-6a8f603a6b73">
    <Execution>
      <TestTypeSpecific />
      <AgentRule name="Execution Agents">
      </AgentRule>
    </Execution>
    <Deployment runDeploymentRoot="karen.zamlutti_FREDFREDBURGER 2011-06-21 18_37_07" />
  </TestSettings>
  <Times creation="2011-06-21T18:37:07.6590000-03:00" queuing="2011-06-21T18:37:07.9000000-03:00" start="2011-06-21T18:37:07.9560000-03:00" finish="2011-06-21T18:37:08.3360000-03:00" />
  <ResultSummary outcome="Failed">
    <Counters total="5" executed="5" passed="4" error="0" failed="1" timeout="0" aborted="0" inconclusive="0" passedButRunAborted="0" notRunnable="0" notExecuted="0" disconnected="0" warning="0" completed="0" inProgress="0" pending="0" />
  </ResultSummary>
  <TestDefinitions>
    <UnitTest name="Test25PercentOffWhenFourBooks" storage="c:\users\karen.zamlutti\documents\visual studio 2010\projects\potter\unittest\bin\autotest.net\unittest.dll" id="54005581-485f-dcd7-5c3a-e6d5ea457fda">
      <Execution id="3cd73f38-014f-4b40-a29c-e8f7d8e8b520" />
      <TestMethod codeBase="C:/Users/karen.zamlutti/Documents/Visual Studio 2010/Projects/Potter/UnitTest/bin/AutoTest.Net/UnitTest.DLL" adapterTypeName="Microsoft.VisualStudio.TestTools.TestTypes.Unit.UnitTestAdapter, Microsoft.VisualStudio.QualityTools.Tips.UnitTest.Adapter, Version=10.0.0.0, Culture=neutral, PublicKeyToken=b03f5f7f11d50a3a" className="UnitTest.PotterTest, UnitTest, Version=1.0.0.0, Culture=neutral, PublicKeyToken=null" name="Test25PercentOffWhenFourBooks" />
    </UnitTest>
    <UnitTest name="Test20PercentOffWhenFourBooks" storage="c:\users\karen.zamlutti\documents\visual studio 2010\projects\potter\unittest\bin\autotest.net\unittest.dll" id="d9190565-45a2-6364-1997-463109f730de">
      <Execution id="bcab621a-d386-45c3-8093-84d282b08ba8" />
      <TestMethod codeBase="C:/Users/karen.zamlutti/Documents/Visual Studio 2010/Projects/Potter/UnitTest/bin/AutoTest.Net/UnitTest.DLL" adapterTypeName="Microsoft.VisualStudio.TestTools.TestTypes.Unit.UnitTestAdapter, Microsoft.VisualStudio.QualityTools.Tips.UnitTest.Adapter, Version=10.0.0.0, Culture=neutral, PublicKeyToken=b03f5f7f11d50a3a" className="UnitTest.PotterTest, UnitTest, Version=1.0.0.0, Culture=neutral, PublicKeyToken=null" name="Test20PercentOffWhenFourBooks" />
    </UnitTest>
    <UnitTest name="Test10PercentOffWhenThreeBooks" storage="c:\users\karen.zamlutti\documents\visual studio 2010\projects\potter\unittest\bin\autotest.net\unittest.dll" id="62f90bf6-efb2-799b-a4a3-18ba1eb149af">
      <Execution id="eaf01c21-1e5a-4545-9449-c598583ae181" />
      <TestMethod codeBase="C:/Users/karen.zamlutti/Documents/Visual Studio 2010/Projects/Potter/UnitTest/bin/AutoTest.Net/UnitTest.DLL" adapterTypeName="Microsoft.VisualStudio.TestTools.TestTypes.Unit.UnitTestAdapter, Microsoft.VisualStudio.QualityTools.Tips.UnitTest.Adapter, Version=10.0.0.0, Culture=neutral, PublicKeyToken=b03f5f7f11d50a3a" className="UnitTest.PotterTest, UnitTest, Version=1.0.0.0, Culture=neutral, PublicKeyToken=null" name="Test10PercentOffWhenThreeBooks" />
    </UnitTest>
    <UnitTest name="TestOneBookOnCart" storage="c:\users\karen.zamlutti\documents\visual studio 2010\projects\potter\unittest\bin\autotest.net\unittest.dll" id="147e1b42-a1fd-4abb-4c5b-9e3c1aaee407">
      <Execution id="a608b92b-78c1-4346-a055-390592accb45" />
      <TestMethod codeBase="C:/Users/karen.zamlutti/Documents/Visual Studio 2010/Projects/Potter/UnitTest/bin/AutoTest.Net/UnitTest.DLL" adapterTypeName="Microsoft.VisualStudio.TestTools.TestTypes.Unit.UnitTestAdapter, Microsoft.VisualStudio.QualityTools.Tips.UnitTest.Adapter, Version=10.0.0.0, Culture=neutral, PublicKeyToken=b03f5f7f11d50a3a" className="UnitTest.PotterTest, UnitTest, Version=1.0.0.0, Culture=neutral, PublicKeyToken=null" name="TestOneBookOnCart" />
    </UnitTest>
    <UnitTest name="TestTwoBookOnCart" storage="c:\users\karen.zamlutti\documents\visual studio 2010\projects\potter\unittest\bin\autotest.net\unittest.dll" id="4b5900a7-da9d-5935-4c13-6fa769d3b810">
      <Execution id="66550c1c-bbfc-4293-887d-391b0e57d028" />
      <TestMethod codeBase="C:/Users/karen.zamlutti/Documents/Visual Studio 2010/Projects/Potter/UnitTest/bin/AutoTest.Net/UnitTest.DLL" adapterTypeName="Microsoft.VisualStudio.TestTools.TestTypes.Unit.UnitTestAdapter, Microsoft.VisualStudio.QualityTools.Tips.UnitTest.Adapter, Version=10.0.0.0, Culture=neutral, PublicKeyToken=b03f5f7f11d50a3a" className="UnitTest.PotterTest, UnitTest, Version=1.0.0.0, Culture=neutral, PublicKeyToken=null" name="TestTwoBookOnCart" />
    </UnitTest>
  </TestDefinitions>
  <TestLists>
    <TestList name="Results Not in a List" id="8c84fa94-04c1-424b-9868-57a2d4851a1d" />
    <TestList name="All Loaded Results" id="19431567-8539-422a-85d7-44ee4e166bda" />
  </TestLists>
  <TestEntries>
    <TestEntry testId="62f90bf6-efb2-799b-a4a3-18ba1eb149af" executionId="eaf01c21-1e5a-4545-9449-c598583ae181" testListId="8c84fa94-04c1-424b-9868-57a2d4851a1d" />
    <TestEntry testId="d9190565-45a2-6364-1997-463109f730de" executionId="bcab621a-d386-45c3-8093-84d282b08ba8" testListId="8c84fa94-04c1-424b-9868-57a2d4851a1d" />
    <TestEntry testId="54005581-485f-dcd7-5c3a-e6d5ea457fda" executionId="3cd73f38-014f-4b40-a29c-e8f7d8e8b520" testListId="8c84fa94-04c1-424b-9868-57a2d4851a1d" />
    <TestEntry testId="147e1b42-a1fd-4abb-4c5b-9e3c1aaee407" executionId="a608b92b-78c1-4346-a055-390592accb45" testListId="8c84fa94-04c1-424b-9868-57a2d4851a1d" />
    <TestEntry testId="4b5900a7-da9d-5935-4c13-6fa769d3b810" executionId="66550c1c-bbfc-4293-887d-391b0e57d028" testListId="8c84fa94-04c1-424b-9868-57a2d4851a1d" />
  </TestEntries>
  <Results>
    <UnitTestResult executionId="eaf01c21-1e5a-4545-9449-c598583ae181" testId="62f90bf6-efb2-799b-a4a3-18ba1eb149af" testName="Test10PercentOffWhenThreeBooks" computerName="FREDFREDBURGER" duration="00:00:00.0174162" startTime="2011-06-21T18:37:07.9680000-03:00" endTime="2011-06-21T18:37:08.2430000-03:00" testType="13cdc9d9-ddb5-4fa4-a97d-d965ccfc6d4b" outcome="Passed" testListId="8c84fa94-04c1-424b-9868-57a2d4851a1d" relativeResultsDirectory="eaf01c21-1e5a-4545-9449-c598583ae181">
    </UnitTestResult>
    <UnitTestResult executionId="bcab621a-d386-45c3-8093-84d282b08ba8" testId="d9190565-45a2-6364-1997-463109f730de" testName="Test20PercentOffWhenFourBooks" computerName="FREDFREDBURGER" duration="00:00:00.0002271" startTime="2011-06-21T18:37:08.2450000-03:00" endTime="2011-06-21T18:37:08.2630000-03:00" testType="13cdc9d9-ddb5-4fa4-a97d-d965ccfc6d4b" outcome="Passed" testListId="8c84fa94-04c1-424b-9868-57a2d4851a1d" relativeResultsDirectory="bcab621a-d386-45c3-8093-84d282b08ba8">
    </UnitTestResult>
    <UnitTestResult executionId="3cd73f38-014f-4b40-a29c-e8f7d8e8b520" testId="54005581-485f-dcd7-5c3a-e6d5ea457fda" testName="Test25PercentOffWhenFourBooks" computerName="FREDFREDBURGER" duration="00:00:00.0210210" startTime="2011-06-21T18:37:08.2650000-03:00" endTime="2011-06-21T18:37:08.2960000-03:00" testType="13cdc9d9-ddb5-4fa4-a97d-d965ccfc6d4b" outcome="Failed" testListId="8c84fa94-04c1-424b-9868-57a2d4851a1d" relativeResultsDirectory="3cd73f38-014f-4b40-a29c-e8f7d8e8b520">
      <Output>
        <ErrorInfo>
          <Message>Assert.AreEqual failed. Expected:&lt;75&gt;. Actual:&lt;80&gt;. </Message>
          <StackTrace>   at UnitTest.PotterTest.Test25PercentOffWhenFourBooks() in c:\Users\karen.zamlutti\Documents\Visual Studio 2010\Projects\Potter\UnitTest\PotterTest.cs:line 41
</StackTrace>
        </ErrorInfo>
      </Output>
    </UnitTestResult>
    <UnitTestResult executionId="a608b92b-78c1-4346-a055-390592accb45" testId="147e1b42-a1fd-4abb-4c5b-9e3c1aaee407" testName="TestOneBookOnCart" computerName="FREDFREDBURGER" duration="00:00:00.0002288" startTime="2011-06-21T18:37:08.3000000-03:00" endTime="2011-06-21T18:37:08.3050000-03:00" testType="13cdc9d9-ddb5-4fa4-a97d-d965ccfc6d4b" outcome="Passed" testListId="8c84fa94-04c1-424b-9868-57a2d4851a1d" relativeResultsDirectory="a608b92b-78c1-4346-a055-390592accb45">
    </UnitTestResult>
    <UnitTestResult executionId="66550c1c-bbfc-4293-887d-391b0e57d028" testId="4b5900a7-da9d-5935-4c13-6fa769d3b810" testName="TestTwoBookOnCart" computerName="FREDFREDBURGER" duration="00:00:00.0002237" startTime="2011-06-21T18:37:08.3090000-03:00" endTime="2011-06-21T18:37:08.3130000-03:00" testType="13cdc9d9-ddb5-4fa4-a97d-d965ccfc6d4b" outcome="Passed" testListId="8c84fa94-04c1-424b-9868-57a2d4851a1d" relativeResultsDirectory="66550c1c-bbfc-4293-887d-391b0e57d028">
    </UnitTestResult>
  </Results>
</TestRun>