<?xml version="1.0" encoding="UTF-8"?>
<TestRun id="651706b1-9112-4b9c-85fa-cf134778a50e" name="karen.zamlutti@FREDFREDBURGER 2011-06-21 18:38:11" runUser="APONTADOR\karen.zamlutti" xmlns="http://microsoft.com/schemas/VisualStudio/TeamTest/2010">
  <TestSettings name="Default Test Settings" id="8af08ee0-1eb6-46cb-a19c-1df3c08ee08d">
    <Execution>
      <TestTypeSpecific />
      <AgentRule name="Execution Agents">
      </AgentRule>
    </Execution>
    <Deployment runDeploymentRoot="karen.zamlutti_FREDFREDBURGER 2011-06-21 18_38_11" />
  </TestSettings>
  <Times creation="2011-06-21T18:38:11.2000000-03:00" queuing="2011-06-21T18:38:11.4560000-03:00" start="2011-06-21T18:38:11.5410000-03:00" finish="2011-06-21T18:38:11.9470000-03:00" />
  <ResultSummary outcome="Completed">
    <Counters total="5" executed="5" passed="5" error="0" failed="0" timeout="0" aborted="0" inconclusive="0" passedButRunAborted="0" notRunnable="0" notExecuted="0" disconnected="0" warning="0" completed="0" inProgress="0" pending="0" />
  </ResultSummary>
  <TestDefinitions>
    <UnitTest name="Test25PercentOffWhenFourBooks" storage="c:\users\karen.zamlutti\documents\visual studio 2010\projects\potter\unittest\bin\autotest.net\unittest.dll" id="54005581-485f-dcd7-5c3a-e6d5ea457fda">
      <Execution id="d8af3d7a-84d5-4cdb-b085-f0b1bb9b368d" />
      <TestMethod codeBase="C:/Users/karen.zamlutti/Documents/Visual Studio 2010/Projects/Potter/UnitTest/bin/AutoTest.Net/UnitTest.DLL" adapterTypeName="Microsoft.VisualStudio.TestTools.TestTypes.Unit.UnitTestAdapter, Microsoft.VisualStudio.QualityTools.Tips.UnitTest.Adapter, Version=10.0.0.0, Culture=neutral, PublicKeyToken=b03f5f7f11d50a3a" className="UnitTest.PotterTest, UnitTest, Version=1.0.0.0, Culture=neutral, PublicKeyToken=null" name="Test25PercentOffWhenFourBooks" />
    </UnitTest>
    <UnitTest name="Test5PercentOffWhenTwoBooks" storage="c:\users\karen.zamlutti\documents\visual studio 2010\projects\potter\unittest\bin\autotest.net\unittest.dll" id="37feb9d0-8c31-470f-9e68-550b7e7270f8">
      <Execution id="93062281-0a8d-4f70-81ba-e8234d95494d" />
      <TestMethod codeBase="C:/Users/karen.zamlutti/Documents/Visual Studio 2010/Projects/Potter/UnitTest/bin/AutoTest.Net/UnitTest.DLL" adapterTypeName="Microsoft.VisualStudio.TestTools.TestTypes.Unit.UnitTestAdapter, Microsoft.VisualStudio.QualityTools.Tips.UnitTest.Adapter, Version=10.0.0.0, Culture=neutral, PublicKeyToken=b03f5f7f11d50a3a" className="UnitTest.PotterTest, UnitTest, Version=1.0.0.0, Culture=neutral, PublicKeyToken=null" name="Test5PercentOffWhenTwoBooks" />
    </UnitTest>
    <UnitTest name="Test20PercentOffWhenFourBooks" storage="c:\users\karen.zamlutti\documents\visual studio 2010\projects\potter\unittest\bin\autotest.net\unittest.dll" id="d9190565-45a2-6364-1997-463109f730de">
      <Execution id="f8b55c4b-0842-4b25-a319-4d95d4c41a1c" />
      <TestMethod codeBase="C:/Users/karen.zamlutti/Documents/Visual Studio 2010/Projects/Potter/UnitTest/bin/AutoTest.Net/UnitTest.DLL" adapterTypeName="Microsoft.VisualStudio.TestTools.TestTypes.Unit.UnitTestAdapter, Microsoft.VisualStudio.QualityTools.Tips.UnitTest.Adapter, Version=10.0.0.0, Culture=neutral, PublicKeyToken=b03f5f7f11d50a3a" className="UnitTest.PotterTest, UnitTest, Version=1.0.0.0, Culture=neutral, PublicKeyToken=null" name="Test20PercentOffWhenFourBooks" />
    </UnitTest>
    <UnitTest name="Test10PercentOffWhenThreeBooks" storage="c:\users\karen.zamlutti\documents\visual studio 2010\projects\potter\unittest\bin\autotest.net\unittest.dll" id="62f90bf6-efb2-799b-a4a3-18ba1eb149af">
      <Execution id="a9dba89a-40ce-4912-b7a2-78658fb66018" />
      <TestMethod codeBase="C:/Users/karen.zamlutti/Documents/Visual Studio 2010/Projects/Potter/UnitTest/bin/AutoTest.Net/UnitTest.DLL" adapterTypeName="Microsoft.VisualStudio.TestTools.TestTypes.Unit.UnitTestAdapter, Microsoft.VisualStudio.QualityTools.Tips.UnitTest.Adapter, Version=10.0.0.0, Culture=neutral, PublicKeyToken=b03f5f7f11d50a3a" className="UnitTest.PotterTest, UnitTest, Version=1.0.0.0, Culture=neutral, PublicKeyToken=null" name="Test10PercentOffWhenThreeBooks" />
    </UnitTest>
    <UnitTest name="TestFullValueWithOneBook" storage="c:\users\karen.zamlutti\documents\visual studio 2010\projects\potter\unittest\bin\autotest.net\unittest.dll" id="16558b08-0438-1fa8-0531-495cd76ac374">
      <Execution id="08063b6f-2210-4d0b-9578-0e681a85b526" />
      <TestMethod codeBase="C:/Users/karen.zamlutti/Documents/Visual Studio 2010/Projects/Potter/UnitTest/bin/AutoTest.Net/UnitTest.DLL" adapterTypeName="Microsoft.VisualStudio.TestTools.TestTypes.Unit.UnitTestAdapter, Microsoft.VisualStudio.QualityTools.Tips.UnitTest.Adapter, Version=10.0.0.0, Culture=neutral, PublicKeyToken=b03f5f7f11d50a3a" className="UnitTest.PotterTest, UnitTest, Version=1.0.0.0, Culture=neutral, PublicKeyToken=null" name="TestFullValueWithOneBook" />
    </UnitTest>
  </TestDefinitions>
  <TestLists>
    <TestList name="Results Not in a List" id="8c84fa94-04c1-424b-9868-57a2d4851a1d" />
    <TestList name="All Loaded Results" id="19431567-8539-422a-85d7-44ee4e166bda" />
  </TestLists>
  <TestEntries>
    <TestEntry testId="62f90bf6-efb2-799b-a4a3-18ba1eb149af" executionId="a9dba89a-40ce-4912-b7a2-78658fb66018" testListId="8c84fa94-04c1-424b-9868-57a2d4851a1d" />
    <TestEntry testId="d9190565-45a2-6364-1997-463109f730de" executionId="f8b55c4b-0842-4b25-a319-4d95d4c41a1c" testListId="8c84fa94-04c1-424b-9868-57a2d4851a1d" />
    <TestEntry testId="54005581-485f-dcd7-5c3a-e6d5ea457fda" executionId="d8af3d7a-84d5-4cdb-b085-f0b1bb9b368d" testListId="8c84fa94-04c1-424b-9868-57a2d4851a1d" />
    <TestEntry testId="37feb9d0-8c31-470f-9e68-550b7e7270f8" executionId="93062281-0a8d-4f70-81ba-e8234d95494d" testListId="8c84fa94-04c1-424b-9868-57a2d4851a1d" />
    <TestEntry testId="16558b08-0438-1fa8-0531-495cd76ac374" executionId="08063b6f-2210-4d0b-9578-0e681a85b526" testListId="8c84fa94-04c1-424b-9868-57a2d4851a1d" />
  </TestEntries>
  <Results>
    <UnitTestResult executionId="a9dba89a-40ce-4912-b7a2-78658fb66018" testId="62f90bf6-efb2-799b-a4a3-18ba1eb149af" testName="Test10PercentOffWhenThreeBooks" computerName="FREDFREDBURGER" duration="00:00:00.0187358" startTime="2011-06-21T18:38:11.5550000-03:00" endTime="2011-06-21T18:38:11.8530000-03:00" testType="13cdc9d9-ddb5-4fa4-a97d-d965ccfc6d4b" outcome="Passed" testListId="8c84fa94-04c1-424b-9868-57a2d4851a1d" relativeResultsDirectory="a9dba89a-40ce-4912-b7a2-78658fb66018">
    </UnitTestResult>
    <UnitTestResult executionId="f8b55c4b-0842-4b25-a319-4d95d4c41a1c" testId="d9190565-45a2-6364-1997-463109f730de" testName="Test20PercentOffWhenFourBooks" computerName="FREDFREDBURGER" duration="00:00:00.0002271" startTime="2011-06-21T18:38:11.8610000-03:00" endTime="2011-06-21T18:38:11.8670000-03:00" testType="13cdc9d9-ddb5-4fa4-a97d-d965ccfc6d4b" outcome="Passed" testListId="8c84fa94-04c1-424b-9868-57a2d4851a1d" relativeResultsDirectory="f8b55c4b-0842-4b25-a319-4d95d4c41a1c">
    </UnitTestResult>
    <UnitTestResult executionId="d8af3d7a-84d5-4cdb-b085-f0b1bb9b368d" testId="54005581-485f-dcd7-5c3a-e6d5ea457fda" testName="Test25PercentOffWhenFourBooks" computerName="FREDFREDBURGER" duration="00:00:00.0002151" startTime="2011-06-21T18:38:11.8710000-03:00" endTime="2011-06-21T18:38:11.8750000-03:00" testType="13cdc9d9-ddb5-4fa4-a97d-d965ccfc6d4b" outcome="Passed" testListId="8c84fa94-04c1-424b-9868-57a2d4851a1d" relativeResultsDirectory="d8af3d7a-84d5-4cdb-b085-f0b1bb9b368d">
    </UnitTestResult>
    <UnitTestResult executionId="93062281-0a8d-4f70-81ba-e8234d95494d" testId="37feb9d0-8c31-470f-9e68-550b7e7270f8" testName="Test5PercentOffWhenTwoBooks" computerName="FREDFREDBURGER" duration="00:00:00.0002177" startTime="2011-06-21T18:38:11.8790000-03:00" endTime="2011-06-21T18:38:11.8840000-03:00" testType="13cdc9d9-ddb5-4fa4-a97d-d965ccfc6d4b" outcome="Passed" testListId="8c84fa94-04c1-424b-9868-57a2d4851a1d" relativeResultsDirectory="93062281-0a8d-4f70-81ba-e8234d95494d">
    </UnitTestResult>
    <UnitTestResult executionId="08063b6f-2210-4d0b-9578-0e681a85b526" testId="16558b08-0438-1fa8-0531-495cd76ac374" testName="TestFullValueWithOneBook" computerName="FREDFREDBURGER" duration="00:00:00.0002160" startTime="2011-06-21T18:38:11.8910000-03:00" endTime="2011-06-21T18:38:11.8990000-03:00" testType="13cdc9d9-ddb5-4fa4-a97d-d965ccfc6d4b" outcome="Passed" testListId="8c84fa94-04c1-424b-9868-57a2d4851a1d" relativeResultsDirectory="08063b6f-2210-4d0b-9578-0e681a85b526">
    </UnitTestResult>
  </Results>
</TestRun>