<?xml version="1.0" encoding="UTF-8"?>
<TestRun id="cecf6d4e-923f-41ce-811b-a57e82fc1df2" name="karen.zamlutti@FREDFREDBURGER 2011-06-21 18:38:18" runUser="APONTADOR\karen.zamlutti" xmlns="http://microsoft.com/schemas/VisualStudio/TeamTest/2010">
  <TestSettings name="Default Test Settings" id="cd5e7fe8-103a-4195-a0e7-c315d09aadb7">
    <Execution>
      <TestTypeSpecific />
      <AgentRule name="Execution Agents">
      </AgentRule>
    </Execution>
    <Deployment runDeploymentRoot="karen.zamlutti_FREDFREDBURGER 2011-06-21 18_38_18" />
  </TestSettings>
  <Times creation="2011-06-21T18:38:18.9430000-03:00" queuing="2011-06-21T18:38:19.2010000-03:00" start="2011-06-21T18:38:19.2660000-03:00" finish="2011-06-21T18:38:19.6410000-03:00" />
  <ResultSummary outcome="Completed">
    <Counters total="5" executed="5" passed="5" error="0" failed="0" timeout="0" aborted="0" inconclusive="0" passedButRunAborted="0" notRunnable="0" notExecuted="0" disconnected="0" warning="0" completed="0" inProgress="0" pending="0" />
  </ResultSummary>
  <TestDefinitions>
    <UnitTest name="Test25PercentOffWhenFourBooks" storage="c:\users\karen.zamlutti\documents\visual studio 2010\projects\potter\unittest\bin\autotest.net\unittest.dll" id="54005581-485f-dcd7-5c3a-e6d5ea457fda">
      <Execution id="7254ff8b-9ca0-481c-8270-2d7c8fbb0189" />
      <TestMethod codeBase="C:/Users/karen.zamlutti/Documents/Visual Studio 2010/Projects/Potter/UnitTest/bin/AutoTest.Net/UnitTest.DLL" adapterTypeName="Microsoft.VisualStudio.TestTools.TestTypes.Unit.UnitTestAdapter, Microsoft.VisualStudio.QualityTools.Tips.UnitTest.Adapter, Version=10.0.0.0, Culture=neutral, PublicKeyToken=b03f5f7f11d50a3a" className="UnitTest.PotterTest, UnitTest, Version=1.0.0.0, Culture=neutral, PublicKeyToken=null" name="Test25PercentOffWhenFourBooks" />
    </UnitTest>
    <UnitTest name="Test5PercentOffWhenTwoBooks" storage="c:\users\karen.zamlutti\documents\visual studio 2010\projects\potter\unittest\bin\autotest.net\unittest.dll" id="37feb9d0-8c31-470f-9e68-550b7e7270f8">
      <Execution id="311d154f-1fb5-462d-8cb2-337300aad427" />
      <TestMethod codeBase="C:/Users/karen.zamlutti/Documents/Visual Studio 2010/Projects/Potter/UnitTest/bin/AutoTest.Net/UnitTest.DLL" adapterTypeName="Microsoft.VisualStudio.TestTools.TestTypes.Unit.UnitTestAdapter, Microsoft.VisualStudio.QualityTools.Tips.UnitTest.Adapter, Version=10.0.0.0, Culture=neutral, PublicKeyToken=b03f5f7f11d50a3a" className="UnitTest.PotterTest, UnitTest, Version=1.0.0.0, Culture=neutral, PublicKeyToken=null" name="Test5PercentOffWhenTwoBooks" />
    </UnitTest>
    <UnitTest name="Test20PercentOffWhenFourBooks" storage="c:\users\karen.zamlutti\documents\visual studio 2010\projects\potter\unittest\bin\autotest.net\unittest.dll" id="d9190565-45a2-6364-1997-463109f730de">
      <Execution id="5fe83654-91b4-4494-94fd-b024d69209df" />
      <TestMethod codeBase="C:/Users/karen.zamlutti/Documents/Visual Studio 2010/Projects/Potter/UnitTest/bin/AutoTest.Net/UnitTest.DLL" adapterTypeName="Microsoft.VisualStudio.TestTools.TestTypes.Unit.UnitTestAdapter, Microsoft.VisualStudio.QualityTools.Tips.UnitTest.Adapter, Version=10.0.0.0, Culture=neutral, PublicKeyToken=b03f5f7f11d50a3a" className="UnitTest.PotterTest, UnitTest, Version=1.0.0.0, Culture=neutral, PublicKeyToken=null" name="Test20PercentOffWhenFourBooks" />
    </UnitTest>
    <UnitTest name="Test10PercentOffWhenThreeBooks" storage="c:\users\karen.zamlutti\documents\visual studio 2010\projects\potter\unittest\bin\autotest.net\unittest.dll" id="62f90bf6-efb2-799b-a4a3-18ba1eb149af">
      <Execution id="41acb0e4-772e-47e5-9754-182543dde49b" />
      <TestMethod codeBase="C:/Users/karen.zamlutti/Documents/Visual Studio 2010/Projects/Potter/UnitTest/bin/AutoTest.Net/UnitTest.DLL" adapterTypeName="Microsoft.VisualStudio.TestTools.TestTypes.Unit.UnitTestAdapter, Microsoft.VisualStudio.QualityTools.Tips.UnitTest.Adapter, Version=10.0.0.0, Culture=neutral, PublicKeyToken=b03f5f7f11d50a3a" className="UnitTest.PotterTest, UnitTest, Version=1.0.0.0, Culture=neutral, PublicKeyToken=null" name="Test10PercentOffWhenThreeBooks" />
    </UnitTest>
    <UnitTest name="TestFullValueWithOneBook" storage="c:\users\karen.zamlutti\documents\visual studio 2010\projects\potter\unittest\bin\autotest.net\unittest.dll" id="16558b08-0438-1fa8-0531-495cd76ac374">
      <Execution id="bbca4583-0ca0-474a-a494-2ca11a2110f7" />
      <TestMethod codeBase="C:/Users/karen.zamlutti/Documents/Visual Studio 2010/Projects/Potter/UnitTest/bin/AutoTest.Net/UnitTest.DLL" adapterTypeName="Microsoft.VisualStudio.TestTools.TestTypes.Unit.UnitTestAdapter, Microsoft.VisualStudio.QualityTools.Tips.UnitTest.Adapter, Version=10.0.0.0, Culture=neutral, PublicKeyToken=b03f5f7f11d50a3a" className="UnitTest.PotterTest, UnitTest, Version=1.0.0.0, Culture=neutral, PublicKeyToken=null" name="TestFullValueWithOneBook" />
    </UnitTest>
  </TestDefinitions>
  <TestLists>
    <TestList name="Results Not in a List" id="8c84fa94-04c1-424b-9868-57a2d4851a1d" />
    <TestList name="All Loaded Results" id="19431567-8539-422a-85d7-44ee4e166bda" />
  </TestLists>
  <TestEntries>
    <TestEntry testId="62f90bf6-efb2-799b-a4a3-18ba1eb149af" executionId="41acb0e4-772e-47e5-9754-182543dde49b" testListId="8c84fa94-04c1-424b-9868-57a2d4851a1d" />
    <TestEntry testId="d9190565-45a2-6364-1997-463109f730de" executionId="5fe83654-91b4-4494-94fd-b024d69209df" testListId="8c84fa94-04c1-424b-9868-57a2d4851a1d" />
    <TestEntry testId="54005581-485f-dcd7-5c3a-e6d5ea457fda" executionId="7254ff8b-9ca0-481c-8270-2d7c8fbb0189" testListId="8c84fa94-04c1-424b-9868-57a2d4851a1d" />
    <TestEntry testId="37feb9d0-8c31-470f-9e68-550b7e7270f8" executionId="311d154f-1fb5-462d-8cb2-337300aad427" testListId="8c84fa94-04c1-424b-9868-57a2d4851a1d" />
    <TestEntry testId="16558b08-0438-1fa8-0531-495cd76ac374" executionId="bbca4583-0ca0-474a-a494-2ca11a2110f7" testListId="8c84fa94-04c1-424b-9868-57a2d4851a1d" />
  </TestEntries>
  <Results>
    <UnitTestResult executionId="41acb0e4-772e-47e5-9754-182543dde49b" testId="62f90bf6-efb2-799b-a4a3-18ba1eb149af" testName="Test10PercentOffWhenThreeBooks" computerName="FREDFREDBURGER" duration="00:00:00.0198068" startTime="2011-06-21T18:38:19.2770000-03:00" endTime="2011-06-21T18:38:19.5700000-03:00" testType="13cdc9d9-ddb5-4fa4-a97d-d965ccfc6d4b" outcome="Passed" testListId="8c84fa94-04c1-424b-9868-57a2d4851a1d" relativeResultsDirectory="41acb0e4-772e-47e5-9754-182543dde49b">
    </UnitTestResult>
    <UnitTestResult executionId="5fe83654-91b4-4494-94fd-b024d69209df" testId="d9190565-45a2-6364-1997-463109f730de" testName="Test20PercentOffWhenFourBooks" computerName="FREDFREDBURGER" duration="00:00:00.0007735" startTime="2011-06-21T18:38:19.5750000-03:00" endTime="2011-06-21T18:38:19.5820000-03:00" testType="13cdc9d9-ddb5-4fa4-a97d-d965ccfc6d4b" outcome="Passed" testListId="8c84fa94-04c1-424b-9868-57a2d4851a1d" relativeResultsDirectory="5fe83654-91b4-4494-94fd-b024d69209df">
    </UnitTestResult>
    <UnitTestResult executionId="7254ff8b-9ca0-481c-8270-2d7c8fbb0189" testId="54005581-485f-dcd7-5c3a-e6d5ea457fda" testName="Test25PercentOffWhenFourBooks" computerName="FREDFREDBURGER" duration="00:00:00.0002112" startTime="2011-06-21T18:38:19.5850000-03:00" endTime="2011-06-21T18:38:19.5990000-03:00" testType="13cdc9d9-ddb5-4fa4-a97d-d965ccfc6d4b" outcome="Passed" testListId="8c84fa94-04c1-424b-9868-57a2d4851a1d" relativeResultsDirectory="7254ff8b-9ca0-481c-8270-2d7c8fbb0189">
    </UnitTestResult>
    <UnitTestResult executionId="311d154f-1fb5-462d-8cb2-337300aad427" testId="37feb9d0-8c31-470f-9e68-550b7e7270f8" testName="Test5PercentOffWhenTwoBooks" computerName="FREDFREDBURGER" duration="00:00:00.0002117" startTime="2011-06-21T18:38:19.6030000-03:00" endTime="2011-06-21T18:38:19.6080000-03:00" testType="13cdc9d9-ddb5-4fa4-a97d-d965ccfc6d4b" outcome="Passed" testListId="8c84fa94-04c1-424b-9868-57a2d4851a1d" relativeResultsDirectory="311d154f-1fb5-462d-8cb2-337300aad427">
    </UnitTestResult>
    <UnitTestResult executionId="bbca4583-0ca0-474a-a494-2ca11a2110f7" testId="16558b08-0438-1fa8-0531-495cd76ac374" testName="TestFullValueWithOneBook" computerName="FREDFREDBURGER" duration="00:00:00.0002147" startTime="2011-06-21T18:38:19.6100000-03:00" endTime="2011-06-21T18:38:19.6160000-03:00" testType="13cdc9d9-ddb5-4fa4-a97d-d965ccfc6d4b" outcome="Passed" testListId="8c84fa94-04c1-424b-9868-57a2d4851a1d" relativeResultsDirectory="bbca4583-0ca0-474a-a494-2ca11a2110f7">
    </UnitTestResult>
  </Results>
</TestRun>