<?xml version="1.0" encoding="UTF-8"?>
<TestRun id="ce5bbf56-7fbd-46a4-a1ba-b644b2cbbcfe" name="karen.zamlutti@FREDFREDBURGER 2011-06-21 18:36:17" runUser="APONTADOR\karen.zamlutti" xmlns="http://microsoft.com/schemas/VisualStudio/TeamTest/2010">
  <TestSettings name="Default Test Settings" id="f47a313f-d851-48bf-bab3-ae0d86efdad2">
    <Execution>
      <TestTypeSpecific />
      <AgentRule name="Execution Agents">
      </AgentRule>
    </Execution>
    <Deployment runDeploymentRoot="karen.zamlutti_FREDFREDBURGER 2011-06-21 18_36_17" />
  </TestSettings>
  <Times creation="2011-06-21T18:36:17.0590000-03:00" queuing="2011-06-21T18:36:17.2810000-03:00" start="2011-06-21T18:36:17.3360000-03:00" finish="2011-06-21T18:36:17.6840000-03:00" />
  <ResultSummary outcome="Completed">
    <Counters total="4" executed="4" passed="4" error="0" failed="0" timeout="0" aborted="0" inconclusive="0" passedButRunAborted="0" notRunnable="0" notExecuted="0" disconnected="0" warning="0" completed="0" inProgress="0" pending="0" />
  </ResultSummary>
  <TestDefinitions>
    <UnitTest name="Test20PercentOffWhenFourBooks" storage="c:\users\karen.zamlutti\documents\visual studio 2010\projects\potter\unittest\bin\autotest.net\unittest.dll" id="d9190565-45a2-6364-1997-463109f730de">
      <Execution id="12b4c569-7e87-43f2-a2d4-b7e135930295" />
      <TestMethod codeBase="C:/Users/karen.zamlutti/Documents/Visual Studio 2010/Projects/Potter/UnitTest/bin/AutoTest.Net/UnitTest.DLL" adapterTypeName="Microsoft.VisualStudio.TestTools.TestTypes.Unit.UnitTestAdapter, Microsoft.VisualStudio.QualityTools.Tips.UnitTest.Adapter, Version=10.0.0.0, Culture=neutral, PublicKeyToken=b03f5f7f11d50a3a" className="UnitTest.PotterTest, UnitTest, Version=1.0.0.0, Culture=neutral, PublicKeyToken=null" name="Test20PercentOffWhenFourBooks" />
    </UnitTest>
    <UnitTest name="Test10PercentOffWhenThreeBooks" storage="c:\users\karen.zamlutti\documents\visual studio 2010\projects\potter\unittest\bin\autotest.net\unittest.dll" id="62f90bf6-efb2-799b-a4a3-18ba1eb149af">
      <Execution id="1c8077a6-3f79-498f-b05f-6999cd02348b" />
      <TestMethod codeBase="C:/Users/karen.zamlutti/Documents/Visual Studio 2010/Projects/Potter/UnitTest/bin/AutoTest.Net/UnitTest.DLL" adapterTypeName="Microsoft.VisualStudio.TestTools.TestTypes.Unit.UnitTestAdapter, Microsoft.VisualStudio.QualityTools.Tips.UnitTest.Adapter, Version=10.0.0.0, Culture=neutral, PublicKeyToken=b03f5f7f11d50a3a" className="UnitTest.PotterTest, UnitTest, Version=1.0.0.0, Culture=neutral, PublicKeyToken=null" name="Test10PercentOffWhenThreeBooks" />
    </UnitTest>
    <UnitTest name="TestOneBookOnCart" storage="c:\users\karen.zamlutti\documents\visual studio 2010\projects\potter\unittest\bin\autotest.net\unittest.dll" id="147e1b42-a1fd-4abb-4c5b-9e3c1aaee407">
      <Execution id="61d4e5ba-e38c-41a2-8f93-50c89626bf14" />
      <TestMethod codeBase="C:/Users/karen.zamlutti/Documents/Visual Studio 2010/Projects/Potter/UnitTest/bin/AutoTest.Net/UnitTest.DLL" adapterTypeName="Microsoft.VisualStudio.TestTools.TestTypes.Unit.UnitTestAdapter, Microsoft.VisualStudio.QualityTools.Tips.UnitTest.Adapter, Version=10.0.0.0, Culture=neutral, PublicKeyToken=b03f5f7f11d50a3a" className="UnitTest.PotterTest, UnitTest, Version=1.0.0.0, Culture=neutral, PublicKeyToken=null" name="TestOneBookOnCart" />
    </UnitTest>
    <UnitTest name="TestTwoBookOnCart" storage="c:\users\karen.zamlutti\documents\visual studio 2010\projects\potter\unittest\bin\autotest.net\unittest.dll" id="4b5900a7-da9d-5935-4c13-6fa769d3b810">
      <Execution id="85462602-fdeb-44bd-ad89-d29ce73e7f84" />
      <TestMethod codeBase="C:/Users/karen.zamlutti/Documents/Visual Studio 2010/Projects/Potter/UnitTest/bin/AutoTest.Net/UnitTest.DLL" adapterTypeName="Microsoft.VisualStudio.TestTools.TestTypes.Unit.UnitTestAdapter, Microsoft.VisualStudio.QualityTools.Tips.UnitTest.Adapter, Version=10.0.0.0, Culture=neutral, PublicKeyToken=b03f5f7f11d50a3a" className="UnitTest.PotterTest, UnitTest, Version=1.0.0.0, Culture=neutral, PublicKeyToken=null" name="TestTwoBookOnCart" />
    </UnitTest>
  </TestDefinitions>
  <TestLists>
    <TestList name="Results Not in a List" id="8c84fa94-04c1-424b-9868-57a2d4851a1d" />
    <TestList name="All Loaded Results" id="19431567-8539-422a-85d7-44ee4e166bda" />
  </TestLists>
  <TestEntries>
    <TestEntry testId="62f90bf6-efb2-799b-a4a3-18ba1eb149af" executionId="1c8077a6-3f79-498f-b05f-6999cd02348b" testListId="8c84fa94-04c1-424b-9868-57a2d4851a1d" />
    <TestEntry testId="d9190565-45a2-6364-1997-463109f730de" executionId="12b4c569-7e87-43f2-a2d4-b7e135930295" testListId="8c84fa94-04c1-424b-9868-57a2d4851a1d" />
    <TestEntry testId="147e1b42-a1fd-4abb-4c5b-9e3c1aaee407" executionId="61d4e5ba-e38c-41a2-8f93-50c89626bf14" testListId="8c84fa94-04c1-424b-9868-57a2d4851a1d" />
    <TestEntry testId="4b5900a7-da9d-5935-4c13-6fa769d3b810" executionId="85462602-fdeb-44bd-ad89-d29ce73e7f84" testListId="8c84fa94-04c1-424b-9868-57a2d4851a1d" />
  </TestEntries>
  <Results>
    <UnitTestResult executionId="1c8077a6-3f79-498f-b05f-6999cd02348b" testId="62f90bf6-efb2-799b-a4a3-18ba1eb149af" testName="Test10PercentOffWhenThreeBooks" computerName="FREDFREDBURGER" duration="00:00:00.0171136" startTime="2011-06-21T18:36:17.3480000-03:00" endTime="2011-06-21T18:36:17.6260000-03:00" testType="13cdc9d9-ddb5-4fa4-a97d-d965ccfc6d4b" outcome="Passed" testListId="8c84fa94-04c1-424b-9868-57a2d4851a1d" relativeResultsDirectory="1c8077a6-3f79-498f-b05f-6999cd02348b">
    </UnitTestResult>
    <UnitTestResult executionId="12b4c569-7e87-43f2-a2d4-b7e135930295" testId="d9190565-45a2-6364-1997-463109f730de" testName="Test20PercentOffWhenFourBooks" computerName="FREDFREDBURGER" duration="00:00:00.0037162" startTime="2011-06-21T18:36:17.6290000-03:00" endTime="2011-06-21T18:36:17.6380000-03:00" testType="13cdc9d9-ddb5-4fa4-a97d-d965ccfc6d4b" outcome="Passed" testListId="8c84fa94-04c1-424b-9868-57a2d4851a1d" relativeResultsDirectory="12b4c569-7e87-43f2-a2d4-b7e135930295">
    </UnitTestResult>
    <UnitTestResult executionId="61d4e5ba-e38c-41a2-8f93-50c89626bf14" testId="147e1b42-a1fd-4abb-4c5b-9e3c1aaee407" testName="TestOneBookOnCart" computerName="FREDFREDBURGER" duration="00:00:00.0002995" startTime="2011-06-21T18:36:17.6420000-03:00" endTime="2011-06-21T18:36:17.6510000-03:00" testType="13cdc9d9-ddb5-4fa4-a97d-d965ccfc6d4b" outcome="Passed" testListId="8c84fa94-04c1-424b-9868-57a2d4851a1d" relativeResultsDirectory="61d4e5ba-e38c-41a2-8f93-50c89626bf14">
    </UnitTestResult>
    <UnitTestResult executionId="85462602-fdeb-44bd-ad89-d29ce73e7f84" testId="4b5900a7-da9d-5935-4c13-6fa769d3b810" testName="TestTwoBookOnCart" computerName="FREDFREDBURGER" duration="00:00:00.0002262" startTime="2011-06-21T18:36:17.6540000-03:00" endTime="2011-06-21T18:36:17.6600000-03:00" testType="13cdc9d9-ddb5-4fa4-a97d-d965ccfc6d4b" outcome="Passed" testListId="8c84fa94-04c1-424b-9868-57a2d4851a1d" relativeResultsDirectory="85462602-fdeb-44bd-ad89-d29ce73e7f84">
    </UnitTestResult>
  </Results>
</TestRun>