<?xml version="1.0" encoding="UTF-8"?>
<TestRun id="8c547213-0581-4378-9de9-b97a79a7c1d6" name="karen.zamlutti@FREDFREDBURGER 2011-06-21 18:32:02" runUser="APONTADOR\karen.zamlutti" xmlns="http://microsoft.com/schemas/VisualStudio/TeamTest/2010">
  <TestSettings name="Local" id="c3b44213-c5fc-4aa0-aa65-1f2b9b9d4c42">
    <Description>These are default test settings for a local test run.</Description>
    <Deployment enabled="false" runDeploymentRoot="karen.zamlutti_FREDFREDBURGER 2011-06-21 18_32_02">
      <DeploymentItem filename="c:\users\karen.zamlutti\documents\visual studio 2010\Projects\Potter\Potter\bin\Debug\Potter.dll" />
    </Deployment>
    <Execution>
      <TestTypeSpecific />
      <AgentRule name="Execution Agents">
      </AgentRule>
    </Execution>
  </TestSettings>
  <Times creation="2011-06-21T18:32:02.6000000-03:00" queuing="2011-06-21T18:32:05.6150000-03:00" start="2011-06-21T18:32:05.7360000-03:00" finish="2011-06-21T18:32:07.4810000-03:00" />
  <ResultSummary outcome="Completed">
    <Counters total="3" executed="3" passed="3" error="0" failed="0" timeout="0" aborted="0" inconclusive="0" passedButRunAborted="0" notRunnable="0" notExecuted="0" disconnected="0" warning="0" completed="0" inProgress="0" pending="0" />
  </ResultSummary>
  <TestDefinitions>
    <UnitTest name="TestTota" storage="c:\users\karen.zamlutti\documents\visual studio 2010\projects\potter\unittest\bin\debug\unittest.dll" id="d4645903-0e06-2e3f-e46b-aeff470d124e">
      <Execution id="430337e4-e05d-43d7-93f4-3ed31d257818" />
      <TestMethod codeBase="c:/users/karen.zamlutti/documents/visual studio 2010/Projects/Potter/UnitTest/bin/Debug/UnitTest.DLL" adapterTypeName="Microsoft.VisualStudio.TestTools.TestTypes.Unit.UnitTestAdapter, Microsoft.VisualStudio.QualityTools.Tips.UnitTest.Adapter, Version=10.0.0.0, Culture=neutral, PublicKeyToken=b03f5f7f11d50a3a" className="UnitTest.PotterTest, UnitTest, Version=1.0.0.0, Culture=neutral, PublicKeyToken=null" name="TestTota" />
    </UnitTest>
    <UnitTest name="TestTwoBookOnCart" storage="c:\users\karen.zamlutti\documents\visual studio 2010\projects\potter\unittest\bin\debug\unittest.dll" id="4b5900a7-da9d-5935-4c13-6fa769d3b810">
      <Execution id="fec097bb-9f13-419b-a1d6-4755d13f7373" />
      <TestMethod codeBase="c:/users/karen.zamlutti/documents/visual studio 2010/Projects/Potter/UnitTest/bin/Debug/UnitTest.DLL" adapterTypeName="Microsoft.VisualStudio.TestTools.TestTypes.Unit.UnitTestAdapter, Microsoft.VisualStudio.QualityTools.Tips.UnitTest.Adapter, Version=10.0.0.0, Culture=neutral, PublicKeyToken=b03f5f7f11d50a3a" className="UnitTest.PotterTest, UnitTest, Version=1.0.0.0, Culture=neutral, PublicKeyToken=null" name="TestTwoBookOnCart" />
    </UnitTest>
    <UnitTest name="TestOneBookOnCart" storage="c:\users\karen.zamlutti\documents\visual studio 2010\projects\potter\unittest\bin\debug\unittest.dll" id="147e1b42-a1fd-4abb-4c5b-9e3c1aaee407">
      <Execution id="273bf100-58ec-4607-ad76-8ad33659cb43" />
      <TestMethod codeBase="c:/users/karen.zamlutti/documents/visual studio 2010/Projects/Potter/UnitTest/bin/Debug/UnitTest.DLL" adapterTypeName="Microsoft.VisualStudio.TestTools.TestTypes.Unit.UnitTestAdapter, Microsoft.VisualStudio.QualityTools.Tips.UnitTest.Adapter, Version=10.0.0.0, Culture=neutral, PublicKeyToken=b03f5f7f11d50a3a" className="UnitTest.PotterTest, UnitTest, Version=1.0.0.0, Culture=neutral, PublicKeyToken=null" name="TestOneBookOnCart" />
    </UnitTest>
  </TestDefinitions>
  <TestLists>
    <TestList name="Results Not in a List" id="8c84fa94-04c1-424b-9868-57a2d4851a1d" />
    <TestList name="All Loaded Results" id="19431567-8539-422a-85d7-44ee4e166bda" />
  </TestLists>
  <TestEntries>
    <TestEntry testId="147e1b42-a1fd-4abb-4c5b-9e3c1aaee407" executionId="273bf100-58ec-4607-ad76-8ad33659cb43" testListId="8c84fa94-04c1-424b-9868-57a2d4851a1d" />
    <TestEntry testId="4b5900a7-da9d-5935-4c13-6fa769d3b810" executionId="fec097bb-9f13-419b-a1d6-4755d13f7373" testListId="8c84fa94-04c1-424b-9868-57a2d4851a1d" />
    <TestEntry testId="d4645903-0e06-2e3f-e46b-aeff470d124e" executionId="430337e4-e05d-43d7-93f4-3ed31d257818" testListId="8c84fa94-04c1-424b-9868-57a2d4851a1d" />
  </TestEntries>
  <Results>
    <UnitTestResult executionId="273bf100-58ec-4607-ad76-8ad33659cb43" testId="147e1b42-a1fd-4abb-4c5b-9e3c1aaee407" testName="TestOneBookOnCart" computerName="FREDFREDBURGER" duration="00:00:00.0324045" startTime="2011-06-21T18:32:05.8290000-03:00" endTime="2011-06-21T18:32:07.0500000-03:00" testType="13cdc9d9-ddb5-4fa4-a97d-d965ccfc6d4b" outcome="Passed" testListId="8c84fa94-04c1-424b-9868-57a2d4851a1d" relativeResultsDirectory="273bf100-58ec-4607-ad76-8ad33659cb43">
    </UnitTestResult>
    <UnitTestResult executionId="fec097bb-9f13-419b-a1d6-4755d13f7373" testId="4b5900a7-da9d-5935-4c13-6fa769d3b810" testName="TestTwoBookOnCart" computerName="FREDFREDBURGER" duration="00:00:00.0002807" startTime="2011-06-21T18:32:07.1510000-03:00" endTime="2011-06-21T18:32:07.1760000-03:00" testType="13cdc9d9-ddb5-4fa4-a97d-d965ccfc6d4b" outcome="Passed" testListId="8c84fa94-04c1-424b-9868-57a2d4851a1d" relativeResultsDirectory="fec097bb-9f13-419b-a1d6-4755d13f7373">
    </UnitTestResult>
    <UnitTestResult executionId="430337e4-e05d-43d7-93f4-3ed31d257818" testId="d4645903-0e06-2e3f-e46b-aeff470d124e" testName="TestTota" computerName="FREDFREDBURGER" duration="00:00:00.0002554" startTime="2011-06-21T18:32:07.1940000-03:00" endTime="2011-06-21T18:32:07.2170000-03:00" testType="13cdc9d9-ddb5-4fa4-a97d-d965ccfc6d4b" outcome="Passed" testListId="8c84fa94-04c1-424b-9868-57a2d4851a1d" relativeResultsDirectory="430337e4-e05d-43d7-93f4-3ed31d257818">
    </UnitTestResult>
  </Results>
</TestRun>